<?xml version="1.0" encoding="UTF-8"?>
<!-- Generated by org.testng.reporters.JUnitXMLReporter -->
<testsuite ignored="0" hostname="DESKTOP-S8VOITR" failures="0" tests="9" name="class" time="0.165" errors="0" timestamp="2021-02-20T21:02:26 IST">
  <testcase classname="TestNG.Groupexecution" name="Ft1" time="0.016"/>
  <testcase classname="TestNG.Groupexecution" name="Ft2" time="0.007"/>
  <testcase classname="TestNG.Groupexecution" name="It1" time="0.008"/>
  <testcase classname="TestNG.Groupexecution" name="It2" time="0.003"/>
  <testcase classname="TestNG.Groupexecution" name="Reg1" time="0.002"/>
  <testcase classname="TestNG.Groupexecution" name="Reg2" time="0.003"/>
  <testcase classname="TestNG.Groupexecution" name="smoke1" time="0.003"/>
  <testcase classname="TestNG.Groupexecution" name="smoke2" time="0.007"/>
  <testcase classname="TestNG.Groupexecution" name="smoke3" time="0.007"/>
</testsuite> <!-- class -->
